<?xml version="1.0" encoding="UTF-8"?>
<!-- Generated by org.testng.reporters.JUnitReportReporter -->
<testsuite hostname="DESKTOP-IQA8B31" failures="0" tests="3" name="practice.DataProviderPracticeTest" time="0.034" errors="0" timestamp="2021-12-23T17:55:32 GMT-05:00" skipped="0">
  <testcase classname="practice.DataProviderPracticeTest" name="readDataFromDataProviderTest" time="0.007"/>
  <system-out/>
  <testcase classname="practice.DataProviderPracticeTest" name="readDataFromDataProviderTest" time="0.012"/>
  <system-out/>
  <testcase classname="practice.DataProviderPracticeTest" name="readDataFromDataProviderTest" time="0.015"/>
  <system-out/>
</testsuite> <!-- practice.DataProviderPracticeTest -->
