<?xml version="1.0" encoding="UTF-8"?>
<!-- Generated by org.testng.reporters.JUnitReportReporter -->
<testsuite hostname="DESKTOP-IQA8B31" failures="0" tests="5" name="practice.assignTestNG" time="0.024" errors="0" timestamp="2021-12-25T19:32:01 GMT-05:00" skipped="0">
  <testcase classname="practice.assignTestNG" name="readDataFromDataProviderTest" time="0.003"/>
  <system-out/>
  <testcase classname="practice.assignTestNG" name="readDataFromDataProviderTest" time="0.003"/>
  <system-out/>
  <testcase classname="practice.assignTestNG" name="readDataFromDataProviderTest" time="0.003"/>
  <system-out/>
  <testcase classname="practice.assignTestNG" name="readDataFromDataProviderTest" time="0.003"/>
  <system-out/>
  <testcase classname="practice.assignTestNG" name="readDataFromDataProviderTest" time="0.012"/>
  <system-out/>
</testsuite> <!-- practice.assignTestNG -->
