<?xml version="1.0" encoding="UTF-8"?>
<!-- Generated by org.testng.reporters.JUnitReportReporter -->
<testsuite hostname="DESKTOP-IQA8B31" failures="0" tests="1" name="practice.CreateContectTestNG" time="38.675" errors="0" timestamp="2021-12-28T14:26:48 GMT-05:00" skipped="0">
  <testcase classname="practice.CreateContectTestNG" name="CreateContect" time="38.675"/>
  <system-out>
    <![CDATA[create on contacts]]>
  </system-out>
</testsuite> <!-- practice.CreateContectTestNG -->
